<?xml version="1.0" encoding="UTF-8"?>
<!-- Generated by org.testng.reporters.JUnitXMLReporter -->
<testsuite ignored="0" hostname="Navpreets-MacBook-Pro.local" failures="0" tests="4" name="Get user and create user endpoints Tests" time="8.321" errors="0" timestamp="30 Nov 2020 11:17:04 GMT">
  <testcase classname="tests.GetUserApiTests" name="validateApiResponseCode" time="7.397"/>
  <testcase classname="tests.GetUserApiTests" name="validateApiResponseTime" time="0.073"/>
  <testcase classname="tests.CreateUserTests" name="validateApiResponseCode" time="0.673"/>
  <testcase classname="tests.CreateUserTests" name="validateApiResponseTime" time="0.003"/>
</testsuite> <!-- Get user and create user endpoints Tests -->
