<?xml version="1.0" encoding="UTF-8"?>
<testng-results ignored="0" total="4" passed="4" failed="0" skipped="0">
  <reporter-output>
  </reporter-output>
  <suite started-at="2020-11-30T11:16:56Z" name="Sanity tests suite" finished-at="2020-11-30T11:17:04Z" duration-ms="8321">
    <groups>
    </groups>
    <test started-at="2020-11-30T11:16:56Z" name="Get user and create user endpoints Tests" finished-at="2020-11-30T11:17:04Z" duration-ms="8321">
      <class name="tests.GetUserApiTests">
        <test-method signature="validateApiResponseCode()[pri:0, instance:tests.GetUserApiTests@45673f68]" started-at="2020-11-30T11:16:56Z" name="validateApiResponseCode" finished-at="2020-11-30T11:17:03Z" duration-ms="7397" status="PASS">
          <reporter-output>
          </reporter-output>
        </test-method> <!-- validateApiResponseCode -->
        <test-method signature="validateApiResponseTime()[pri:0, instance:tests.GetUserApiTests@45673f68]" started-at="2020-11-30T11:17:04Z" name="validateApiResponseTime" finished-at="2020-11-30T11:17:04Z" depends-on-methods="tests.GetUserApiTests.validateApiResponseCode" duration-ms="73" status="PASS">
          <reporter-output>
          </reporter-output>
        </test-method> <!-- validateApiResponseTime -->
      </class> <!-- tests.GetUserApiTests -->
      <class name="tests.CreateUserTests">
        <test-method signature="validateApiResponseCode()[pri:0, instance:tests.CreateUserTests@27abb83e]" started-at="2020-11-30T11:17:04Z" name="validateApiResponseCode" finished-at="2020-11-30T11:17:04Z" duration-ms="673" status="PASS">
          <reporter-output>
          </reporter-output>
        </test-method> <!-- validateApiResponseCode -->
        <test-method signature="validateApiResponseTime()[pri:0, instance:tests.CreateUserTests@27abb83e]" started-at="2020-11-30T11:17:04Z" name="validateApiResponseTime" finished-at="2020-11-30T11:17:04Z" depends-on-methods="tests.CreateUserTests.validateApiResponseCode" duration-ms="3" status="PASS">
          <reporter-output>
          </reporter-output>
        </test-method> <!-- validateApiResponseTime -->
      </class> <!-- tests.CreateUserTests -->
    </test> <!-- Get user and create user endpoints Tests -->
  </suite> <!-- Sanity tests suite -->
</testng-results>
